0 verbose cli /usr/local/bin/node /usr/local/bin/npm
1 info using npm@10.9.3
2 info using node@v22.20.0
3 silly config load:file:/usr/local/lib/node_modules/npm/npmrc
4 silly config load:file:/Users/jishurong/Desktop/大学/ai编程/情绪日记网站/backend/.npmrc
5 silly config load:file:/Users/jishurong/.npmrc
6 silly config load:file:/usr/local/etc/npmrc
7 verbose title npm install
8 verbose argv "install" "--cache" "./tmp-npm-cache"
9 verbose logfile logs-max:10 dir:/Users/jishurong/Desktop/大学/ai编程/情绪日记网站/backend/tmp-npm-cache/_logs/2025-11-11T12_00_51_877Z-
10 verbose logfile /Users/jishurong/Desktop/大学/ai编程/情绪日记网站/backend/tmp-npm-cache/_logs/2025-11-11T12_00_51_877Z-debug-0.log
11 silly logfile done cleaning log files
12 silly packumentCache heap:4345298944 maxSize:1086324736 maxEntrySize:543162368
13 silly idealTree buildDeps
14 silly reify moves {}
15 silly audit bulk request {
15 silly audit   '@gar/promisify': [ '1.1.3' ],
15 silly audit   '@npmcli/fs': [ '1.1.1' ],
15 silly audit   '@npmcli/move-file': [ '1.1.2' ],
15 silly audit   '@tootallnate/once': [ '1.1.2' ],
15 silly audit   abbrev: [ '1.1.1' ],
15 silly audit   accepts: [ '1.3.8' ],
15 silly audit   'agent-base': [ '6.0.2' ],
15 silly audit   debug: [ '4.4.3', '2.6.9' ],
15 silly audit   ms: [ '2.1.3', '2.0.0' ],
15 silly audit   agentkeepalive: [ '4.6.0' ],
15 silly audit   'aggregate-error': [ '3.1.0' ],
15 silly audit   'ansi-regex': [ '5.0.1' ],
15 silly audit   anymatch: [ '3.1.3' ],
15 silly audit   aproba: [ '2.1.0' ],
15 silly audit   'are-we-there-yet': [ '3.0.1' ],
15 silly audit   'array-flatten': [ '1.1.1' ],
15 silly audit   asynckit: [ '0.4.0' ],
15 silly audit   axios: [ '1.13.2' ],
15 silly audit   'balanced-match': [ '1.0.2' ],
15 silly audit   'base64-js': [ '1.5.1' ],
15 silly audit   'binary-extensions': [ '2.3.0' ],
15 silly audit   bindings: [ '1.5.0' ],
15 silly audit   bl: [ '4.1.0' ],
15 silly audit   'body-parser': [ '1.20.3' ],
15 silly audit   'brace-expansion': [ '1.1.12' ],
15 silly audit   braces: [ '3.0.3' ],
15 silly audit   buffer: [ '5.7.1' ],
15 silly audit   bytes: [ '3.1.2' ],
15 silly audit   cacache: [ '15.3.0' ],
15 silly audit   'call-bind-apply-helpers': [ '1.0.2' ],
15 silly audit   'call-bound': [ '1.0.4' ],
15 silly audit   chokidar: [ '3.6.0' ],
15 silly audit   chownr: [ '2.0.0', '1.1.4' ],
15 silly audit   'clean-stack': [ '2.2.0' ],
15 silly audit   'color-support': [ '1.1.3' ],
15 silly audit   'combined-stream': [ '1.0.8' ],
15 silly audit   'concat-map': [ '0.0.1' ],
15 silly audit   'console-control-strings': [ '1.1.0' ],
15 silly audit   'content-disposition': [ '0.5.4' ],
15 silly audit   'content-type': [ '1.0.5' ],
15 silly audit   cookie: [ '0.7.1' ],
15 silly audit   'cookie-signature': [ '1.0.6' ],
15 silly audit   cors: [ '2.8.5' ],
15 silly audit   'decompress-response': [ '6.0.0' ],
15 silly audit   'deep-extend': [ '0.6.0' ],
15 silly audit   'delayed-stream': [ '1.0.0' ],
15 silly audit   delegates: [ '1.0.0' ],
15 silly audit   depd: [ '2.0.0' ],
15 silly audit   destroy: [ '1.2.0' ],
15 silly audit   'detect-libc': [ '2.1.2' ],
15 silly audit   dotenv: [ '16.6.1' ],
15 silly audit   'dunder-proto': [ '1.0.1' ],
15 silly audit   'ee-first': [ '1.1.1' ],
15 silly audit   'emoji-regex': [ '8.0.0' ],
15 silly audit   encodeurl: [ '2.0.0', '1.0.2' ],
15 silly audit   encoding: [ '0.1.13' ],
15 silly audit   'iconv-lite': [ '0.6.3', '0.4.24' ],
15 silly audit   'end-of-stream': [ '1.4.5' ],
15 silly audit   'env-paths': [ '2.2.1' ],
15 silly audit   'err-code': [ '2.0.3' ],
15 silly audit   'es-define-property': [ '1.0.1' ],
15 silly audit   'es-errors': [ '1.3.0' ],
15 silly audit   'es-object-atoms': [ '1.1.1' ],
15 silly audit   'es-set-tostringtag': [ '2.1.0' ],
15 silly audit   'escape-html': [ '1.0.3' ],
15 silly audit   etag: [ '1.8.1' ],
15 silly audit   'expand-template': [ '2.0.3' ],
15 silly audit   express: [ '4.21.2' ],
15 silly audit   'file-uri-to-path': [ '1.0.0' ],
15 silly audit   'fill-range': [ '7.1.1' ],
15 silly audit   finalhandler: [ '1.3.1' ],
15 silly audit   'follow-redirects': [ '1.15.11' ],
15 silly audit   'form-data': [ '4.0.4' ],
15 silly audit   forwarded: [ '0.2.0' ],
15 silly audit   fresh: [ '0.5.2' ],
15 silly audit   'fs-constants': [ '1.0.0' ],
15 silly audit   'fs-minipass': [ '2.1.0' ],
15 silly audit   'fs.realpath': [ '1.0.0' ],
15 silly audit   fsevents: [ '2.3.3' ],
15 silly audit   'function-bind': [ '1.1.2' ],
15 silly audit   gauge: [ '4.0.4' ],
15 silly audit   'get-intrinsic': [ '1.3.0' ],
15 silly audit   'get-proto': [ '1.0.1' ],
15 silly audit   'github-from-package': [ '0.0.0' ],
15 silly audit   glob: [ '7.2.3' ],
15 silly audit   'glob-parent': [ '5.1.2' ],
15 silly audit   gopd: [ '1.2.0' ],
15 silly audit   'graceful-fs': [ '4.2.11' ],
15 silly audit   'has-flag': [ '3.0.0' ],
15 silly audit   'has-symbols': [ '1.1.0' ],
15 silly audit   'has-tostringtag': [ '1.0.2' ],
15 silly audit   'has-unicode': [ '2.0.1' ],
15 silly audit   hasown: [ '2.0.2' ],
15 silly audit   'http-cache-semantics': [ '4.2.0' ],
15 silly audit   'http-errors': [ '2.0.0' ],
15 silly audit   'http-proxy-agent': [ '4.0.1' ],
15 silly audit   'https-proxy-agent': [ '5.0.1' ],
15 silly audit   'humanize-ms': [ '1.2.1' ],
15 silly audit   ieee754: [ '1.2.1' ],
15 silly audit   'ignore-by-default': [ '1.0.1' ],
15 silly audit   imurmurhash: [ '0.1.4' ],
15 silly audit   'indent-string': [ '4.0.0' ],
15 silly audit   'infer-owner': [ '1.0.4' ],
15 silly audit   inflight: [ '1.0.6' ],
15 silly audit   inherits: [ '2.0.4' ],
15 silly audit   ini: [ '1.3.8' ],
15 silly audit   'ip-address': [ '10.0.1' ],
15 silly audit   'ipaddr.js': [ '1.9.1' ],
15 silly audit   'is-binary-path': [ '2.1.0' ],
15 silly audit   'is-extglob': [ '2.1.1' ],
15 silly audit   'is-fullwidth-code-point': [ '3.0.0' ],
15 silly audit   'is-glob': [ '4.0.3' ],
15 silly audit   'is-lambda': [ '1.0.1' ],
15 silly audit   'is-number': [ '7.0.0' ],
15 silly audit   isexe: [ '2.0.0' ],
15 silly audit   'lru-cache': [ '6.0.0' ],
15 silly audit   'make-fetch-happen': [ '9.1.0' ],
15 silly audit   'math-intrinsics': [ '1.1.0' ],
15 silly audit   'media-typer': [ '0.3.0' ],
15 silly audit   'merge-descriptors': [ '1.0.3' ],
15 silly audit   methods: [ '1.1.2' ],
15 silly audit   mime: [ '1.6.0' ],
15 silly audit   'mime-db': [ '1.52.0' ],
15 silly audit   'mime-types': [ '2.1.35' ],
15 silly audit   'mimic-response': [ '3.1.0' ],
15 silly audit   minimatch: [ '3.1.2' ],
15 silly audit   minimist: [ '1.2.8' ],
15 silly audit   minipass: [ '3.3.6', '5.0.0' ],
15 silly audit   'minipass-collect': [ '1.0.2' ],
15 silly audit   'minipass-fetch': [ '1.4.1' ],
15 silly audit   'minipass-flush': [ '1.0.5' ],
15 silly audit   'minipass-pipeline': [ '1.2.4' ],
15 silly audit   'minipass-sized': [ '1.0.3' ],
15 silly audit   minizlib: [ '2.1.2' ],
15 silly audit   mkdirp: [ '1.0.4' ],
15 silly audit   'mkdirp-classic': [ '0.5.3' ],
15 silly audit   'napi-build-utils': [ '2.0.0' ],
15 silly audit   negotiator: [ '0.6.3' ],
15 silly audit   'node-abi': [ '3.80.0' ],
15 silly audit   'node-addon-api': [ '7.1.1' ],
15 silly audit   'node-gyp': [ '8.4.1' ],
15 silly audit   nodemon: [ '3.1.10' ],
15 silly audit   nopt: [ '5.0.0' ],
15 silly audit   'normalize-path': [ '3.0.0' ],
15 silly audit   npmlog: [ '6.0.2' ],
15 silly audit   'object-assign': [ '4.1.1' ],
15 silly audit   'object-inspect': [ '1.13.4' ],
15 silly audit   'on-finished': [ '2.4.1' ],
15 silly audit   once: [ '1.4.0' ],
15 silly audit   'p-map': [ '4.0.0' ],
15 silly audit   parseurl: [ '1.3.3' ],
15 silly audit   'path-is-absolute': [ '1.0.1' ],
15 silly audit   'path-to-regexp': [ '0.1.12' ],
15 silly audit   picomatch: [ '2.3.1' ],
15 silly audit   'prebuild-install': [ '7.1.3' ],
15 silly audit   'promise-inflight': [ '1.0.1' ],
15 silly audit   'promise-retry': [ '2.0.1' ],
15 silly audit   'proxy-addr': [ '2.0.7' ],
15 silly audit   'proxy-from-env': [ '1.1.0' ],
15 silly audit   'pstree.remy': [ '1.1.8' ],
15 silly audit   pump: [ '3.0.3' ],
15 silly audit   qs: [ '6.13.0' ],
15 silly audit   'range-parser': [ '1.2.1' ],
15 silly audit   'raw-body': [ '2.5.2' ],
15 silly audit   rc: [ '1.2.8' ],
15 silly audit   'readable-stream': [ '3.6.2' ],
15 silly audit   readdirp: [ '3.6.0' ],
15 silly audit   retry: [ '0.12.0' ],
15 silly audit   rimraf: [ '3.0.2' ],
15 silly audit   'safe-buffer': [ '5.2.1' ],
15 silly audit   'safer-buffer': [ '2.1.2' ],
15 silly audit   semver: [ '7.7.3' ],
15 silly audit   send: [ '0.19.0' ],
15 silly audit   'serve-static': [ '1.16.2' ],
15 silly audit   'set-blocking': [ '2.0.0' ],
15 silly audit   setprototypeof: [ '1.2.0' ],
15 silly audit   'side-channel': [ '1.1.0' ],
15 silly audit   'side-channel-list': [ '1.0.0' ],
15 silly audit   'side-channel-map': [ '1.0.1' ],
15 silly audit   'side-channel-weakmap': [ '1.0.2' ],
15 silly audit   'signal-exit': [ '3.0.7' ],
15 silly audit   'simple-concat': [ '1.0.1' ],
15 silly audit   'simple-get': [ '4.0.1' ],
15 silly audit   'simple-update-notifier': [ '2.0.0' ],
15 silly audit   'smart-buffer': [ '4.2.0' ],
15 silly audit   socks: [ '2.8.7' ],
15 silly audit   'socks-proxy-agent': [ '6.2.1' ],
15 silly audit   sqlite3: [ '5.1.7' ],
15 silly audit   ssri: [ '8.0.1' ],
15 silly audit   statuses: [ '2.0.1' ],
15 silly audit   string_decoder: [ '1.3.0' ],
15 silly audit   'string-width': [ '4.2.3' ],
15 silly audit   'strip-ansi': [ '6.0.1' ],
15 silly audit   'strip-json-comments': [ '2.0.1' ],
15 silly audit   'supports-color': [ '5.5.0' ],
15 silly audit   tar: [ '6.2.1' ],
15 silly audit   'tar-fs': [ '2.1.4' ],
15 silly audit   'tar-stream': [ '2.2.0' ],
15 silly audit   'to-regex-range': [ '5.0.1' ],
15 silly audit   toidentifier: [ '1.0.1' ],
15 silly audit   touch: [ '3.1.1' ],
15 silly audit   'tunnel-agent': [ '0.6.0' ],
15 silly audit   'type-is': [ '1.6.18' ],
15 silly audit   undefsafe: [ '2.0.5' ],
15 silly audit   'unique-filename': [ '1.1.1' ],
15 silly audit   'unique-slug': [ '2.0.2' ],
15 silly audit   unpipe: [ '1.0.0' ],
15 silly audit   'util-deprecate': [ '1.0.2' ],
15 silly audit   'utils-merge': [ '1.0.1' ],
15 silly audit   vary: [ '1.1.2' ],
15 silly audit   which: [ '2.0.2' ],
15 silly audit   'wide-align': [ '1.1.5' ],
15 silly audit   wrappy: [ '1.0.2' ],
15 silly audit   yallist: [ '4.0.0' ]
15 silly audit }
16 http fetch GET 200 https://registry.npmjs.org/npm 563ms
17 http fetch POST 200 https://registry.npmjs.org/-/npm/v1/security/advisories/bulk 544ms
18 silly audit report {}
19 verbose cwd /Users/jishurong/Desktop/大学/ai编程/情绪日记网站/backend
20 verbose os Darwin 24.5.0
21 verbose node v22.20.0
22 verbose npm  v10.9.3
23 notice
23 notice New major version of npm available! 10.9.3 -> 11.6.2
23 notice Changelog: https://github.com/npm/cli/releases/tag/v11.6.2
23 notice To update run: npm install -g npm@11.6.2
23 notice  { force: true, [Symbol(proc-log.meta)]: true }
24 verbose exit 0
25 info ok
